{"uuid":"9d42bcda-1ee1-418d-8730-8451f5c20820","historyId":"3f3cb6aa8bce9411245b2b5efee36b09","fullName":"io.cucumber.testng.AbstractTestNGCucumberTests.runScenario","labels":[{"name":"package","value":"runners.TestRunner"},{"name":"testClass","value":"runners.TestRunner"},{"name":"testMethod","value":"runScenario"},{"name":"parentSuite","value":"Default Suite"},{"name":"suite","value":"java_unit_bdd"},{"name":"subSuite","value":"runners.TestRunner"},{"name":"host","value":"marufs-MacBook-Pro.local"},{"name":"thread","value":"23034@marufs-MacBook-Pro.local.TestNG-PoolService-2(31)"},{"name":"framework","value":"testng"},{"name":"language","value":"java"}],"links":[],"name":"Runs Cucumber Scenarios","status":"broken","statusDetails":{"known":false,"muted":false,"flaky":false,"message":"No elements with locator 'By.xpath: //select[@id='searchLanguage']' were found in DISPLAYED state: Expected condition failed:  (tried for 30 second(s) with 300 milliseconds interval)\nBuild info: version: '4.20.0', revision: '866c76ca80'\nSystem info: os.name: 'Mac OS X', os.arch: 'aarch64', os.version: '13.1', java.version: '22.0.1'\nDriver info: org.openqa.selenium.chrome.ChromeDriver\nCapabilities {acceptInsecureCerts: false, browserName: chrome, browserVersion: 126.0.6478.127, chrome: {chromedriverVersion: 126.0.6478.126 (d36ace6122e..., userDataDir: /var/folders/zm/56pnrb0x0c7...}, fedcm:accounts: true, goog:chromeOptions: {debuggerAddress: localhost:51366}, networkConnectionEnabled: false, pageLoadStrategy: normal, platformName: mac, proxy: Proxy(), se:cdp: ws://localhost:51366/devtoo..., se:cdpVersion: 126.0.6478.127, setWindowRect: true, strictFileInteractability: false, timeouts: {implicit: 0, pageLoad: 300000, script: 30000}, unhandledPromptBehavior: dismiss and notify, webauthn:extension:credBlob: true, webauthn:extension:largeBlob: true, webauthn:extension:minPinLength: true, webauthn:extension:prf: true, webauthn:virtualAuthenticators: true}\nSession ID: 39b87ff1ddb856da67aaf482ad17510d\nBuild info: version: '4.20.0', revision: '866c76ca80'\nSystem info: os.name: 'Mac OS X', os.arch: 'aarch64', os.version: '13.1', java.version: '22.0.1'\nDriver info: driver.version: unknown","trace":"org.openqa.selenium.TimeoutException: No elements with locator 'By.xpath: //select[@id='searchLanguage']' were found in DISPLAYED state: Expected condition failed:  (tried for 30 second(s) with 300 milliseconds interval)\nBuild info: version: '4.20.0', revision: '866c76ca80'\nSystem info: os.name: 'Mac OS X', os.arch: 'aarch64', os.version: '13.1', java.version: '22.0.1'\nDriver info: org.openqa.selenium.chrome.ChromeDriver\nCapabilities {acceptInsecureCerts: false, browserName: chrome, browserVersion: 126.0.6478.127, chrome: {chromedriverVersion: 126.0.6478.126 (d36ace6122e..., userDataDir: /var/folders/zm/56pnrb0x0c7...}, fedcm:accounts: true, goog:chromeOptions: {debuggerAddress: localhost:51366}, networkConnectionEnabled: false, pageLoadStrategy: normal, platformName: mac, proxy: Proxy(), se:cdp: ws://localhost:51366/devtoo..., se:cdpVersion: 126.0.6478.127, setWindowRect: true, strictFileInteractability: false, timeouts: {implicit: 0, pageLoad: 300000, script: 30000}, unhandledPromptBehavior: dismiss and notify, webauthn:extension:credBlob: true, webauthn:extension:largeBlob: true, webauthn:extension:minPinLength: true, webauthn:extension:prf: true, webauthn:virtualAuthenticators: true}\nSession ID: 39b87ff1ddb856da67aaf482ad17510d\nBuild info: version: '4.20.0', revision: '866c76ca80'\nSystem info: os.name: 'Mac OS X', os.arch: 'aarch64', os.version: '13.1', java.version: '22.0.1'\nDriver info: driver.version: unknown\n\tat aquality.selenium.core.elements.ElementFinder.handleTimeoutException(ElementFinder.java:77)\n\tat aquality.selenium.core.elements.ElementFinder.findElements(ElementFinder.java:36)\n\tat aquality.selenium.core.elements.interfaces.IElementFinder.findElement(IElementFinder.java:51)\n\tat aquality.selenium.core.elements.Element.getElement(Element.java:111)\n\tat aquality.selenium.elements.Element.getElement(Element.java:101)\n\tat aquality.selenium.core.elements.interfaces.IElement.getElement(IElement.java:45)\n\tat aquality.selenium.elements.ComboBox.lambda$selectByValue$4(ComboBox.java:88)\n\tat aquality.selenium.core.utilities.ActionRetrier.lambda$doWithRetry$0(ActionRetrier.java:21)\n\tat aquality.selenium.core.utilities.ActionRetrier.doWithRetry(ActionRetrier.java:33)\n\tat aquality.selenium.core.utilities.ActionRetrier.doWithRetry(ActionRetrier.java:24)\n\tat aquality.selenium.core.utilities.ElementActionRetrier.doWithRetry(ElementActionRetrier.java:17)\n\tat aquality.selenium.core.elements.Element.doWithRetry(Element.java:182)\n\tat aquality.selenium.elements.ComboBox.selectByValue(ComboBox.java:88)\n\tat pages.MainPage.changeLanguage(MainPage.java:32)\n\tat stepdefinitions.MainPageSteps.changeLanguage(MainPageSteps.java:27)\n\tat ✽.change search language to \"SPANISH\"(file:///Users/marufchowdhury/java_unit_bdd/src/test/java/features/searchLanguage.feature:8)\n"},"stage":"finished","steps":[{"name":"Search Anything","status":"passed","stage":"finished","steps":[],"attachments":[],"parameters":[{"name":"name","value":"Gabriel García Márquez"}],"start":1720956752120,"stop":1720956752322},{"name":"Change language","status":"broken","statusDetails":{"known":false,"muted":false,"flaky":false,"message":"No elements with locator 'By.xpath: //select[@id='searchLanguage']' were found in DISPLAYED state: Expected condition failed:  (tried for 30 second(s) with 300 milliseconds interval)\nBuild info: version: '4.20.0', revision: '866c76ca80'\nSystem info: os.name: 'Mac OS X', os.arch: 'aarch64', os.version: '13.1', java.version: '22.0.1'\nDriver info: org.openqa.selenium.chrome.ChromeDriver\nCapabilities {acceptInsecureCerts: false, browserName: chrome, browserVersion: 126.0.6478.127, chrome: {chromedriverVersion: 126.0.6478.126 (d36ace6122e..., userDataDir: /var/folders/zm/56pnrb0x0c7...}, fedcm:accounts: true, goog:chromeOptions: {debuggerAddress: localhost:51366}, networkConnectionEnabled: false, pageLoadStrategy: normal, platformName: mac, proxy: Proxy(), se:cdp: ws://localhost:51366/devtoo..., se:cdpVersion: 126.0.6478.127, setWindowRect: true, strictFileInteractability: false, timeouts: {implicit: 0, pageLoad: 300000, script: 30000}, unhandledPromptBehavior: dismiss and notify, webauthn:extension:credBlob: true, webauthn:extension:largeBlob: true, webauthn:extension:minPinLength: true, webauthn:extension:prf: true, webauthn:virtualAuthenticators: true}\nSession ID: 39b87ff1ddb856da67aaf482ad17510d\nBuild info: version: '4.20.0', revision: '866c76ca80'\nSystem info: os.name: 'Mac OS X', os.arch: 'aarch64', os.version: '13.1', java.version: '22.0.1'\nDriver info: driver.version: unknown","trace":"org.openqa.selenium.TimeoutException: No elements with locator 'By.xpath: //select[@id='searchLanguage']' were found in DISPLAYED state: Expected condition failed:  (tried for 30 second(s) with 300 milliseconds interval)\nBuild info: version: '4.20.0', revision: '866c76ca80'\nSystem info: os.name: 'Mac OS X', os.arch: 'aarch64', os.version: '13.1', java.version: '22.0.1'\nDriver info: org.openqa.selenium.chrome.ChromeDriver\nCapabilities {acceptInsecureCerts: false, browserName: chrome, browserVersion: 126.0.6478.127, chrome: {chromedriverVersion: 126.0.6478.126 (d36ace6122e..., userDataDir: /var/folders/zm/56pnrb0x0c7...}, fedcm:accounts: true, goog:chromeOptions: {debuggerAddress: localhost:51366}, networkConnectionEnabled: false, pageLoadStrategy: normal, platformName: mac, proxy: Proxy(), se:cdp: ws://localhost:51366/devtoo..., se:cdpVersion: 126.0.6478.127, setWindowRect: true, strictFileInteractability: false, timeouts: {implicit: 0, pageLoad: 300000, script: 30000}, unhandledPromptBehavior: dismiss and notify, webauthn:extension:credBlob: true, webauthn:extension:largeBlob: true, webauthn:extension:minPinLength: true, webauthn:extension:prf: true, webauthn:virtualAuthenticators: true}\nSession ID: 39b87ff1ddb856da67aaf482ad17510d\nBuild info: version: '4.20.0', revision: '866c76ca80'\nSystem info: os.name: 'Mac OS X', os.arch: 'aarch64', os.version: '13.1', java.version: '22.0.1'\nDriver info: driver.version: unknown\n\tat aquality.selenium.core.elements.ElementFinder.handleTimeoutException(ElementFinder.java:77)\n\tat aquality.selenium.core.elements.ElementFinder.findElements(ElementFinder.java:36)\n\tat aquality.selenium.core.elements.interfaces.IElementFinder.findElement(IElementFinder.java:51)\n\tat aquality.selenium.core.elements.Element.getElement(Element.java:111)\n\tat aquality.selenium.elements.Element.getElement(Element.java:101)\n\tat aquality.selenium.core.elements.interfaces.IElement.getElement(IElement.java:45)\n\tat aquality.selenium.elements.ComboBox.lambda$selectByValue$4(ComboBox.java:88)\n\tat aquality.selenium.core.utilities.ActionRetrier.lambda$doWithRetry$0(ActionRetrier.java:21)\n\tat aquality.selenium.core.utilities.ActionRetrier.doWithRetry(ActionRetrier.java:33)\n\tat aquality.selenium.core.utilities.ActionRetrier.doWithRetry(ActionRetrier.java:24)\n\tat aquality.selenium.core.utilities.ElementActionRetrier.doWithRetry(ElementActionRetrier.java:17)\n\tat aquality.selenium.core.elements.Element.doWithRetry(Element.java:182)\n\tat aquality.selenium.elements.ComboBox.selectByValue(ComboBox.java:88)\n\tat pages.MainPage.changeLanguage(MainPage.java:32)\n\tat stepdefinitions.MainPageSteps.changeLanguage(MainPageSteps.java:27)\n\tat java.base/jdk.internal.reflect.DirectMethodHandleAccessor.invoke(DirectMethodHandleAccessor.java:103)\n\tat java.base/java.lang.reflect.Method.invoke(Method.java:580)\n\tat io.cucumber.java.Invoker.invoke(Invoker.java:27)\n\tat io.cucumber.java.JavaStepDefinition.execute(JavaStepDefinition.java:27)\n\tat io.cucumber.core.runner.PickleStepDefinitionMatch.runStep(PickleStepDefinitionMatch.java:63)\n\tat io.cucumber.core.runner.TestStep.executeStep(TestStep.java:64)\n\tat io.cucumber.core.runner.TestStep.run(TestStep.java:49)\n\tat io.cucumber.core.runner.PickleStepTestStep.run(PickleStepTestStep.java:46)\n\tat io.cucumber.core.runner.TestCase.run(TestCase.java:51)\n\tat io.cucumber.core.runner.Runner.runPickle(Runner.java:67)\n\tat io.cucumber.testng.TestNGCucumberRunner.runScenario(TestNGCucumberRunner.java:124)\n\tat io.cucumber.testng.AbstractTestNGCucumberTests.runScenario(AbstractTestNGCucumberTests.java:29)\n\tat java.base/jdk.internal.reflect.DirectMethodHandleAccessor.invoke(DirectMethodHandleAccessor.java:103)\n\tat java.base/java.lang.reflect.Method.invoke(Method.java:580)\n\tat org.testng.internal.invokers.MethodInvocationHelper.invokeMethod(MethodInvocationHelper.java:139)\n\tat org.testng.internal.invokers.TestInvoker.invokeMethod(TestInvoker.java:664)\n\tat org.testng.internal.invokers.TestInvoker.invokeTestMethod(TestInvoker.java:227)\n\tat org.testng.internal.invokers.TestMethodWithDataProviderMethodWorker.call(TestMethodWithDataProviderMethodWorker.java:80)\n\tat org.testng.internal.invokers.TestMethodWithDataProviderMethodWorker.call(TestMethodWithDataProviderMethodWorker.java:17)\n\tat java.base/java.util.concurrent.FutureTask.run(FutureTask.java:317)\n\tat java.base/java.util.concurrent.Executors$RunnableAdapter.call(Executors.java:572)\n\tat java.base/java.util.concurrent.FutureTask.run(FutureTask.java:317)\n\tat java.base/java.util.concurrent.ThreadPoolExecutor.runWorker(ThreadPoolExecutor.java:1144)\n\tat java.base/java.util.concurrent.ThreadPoolExecutor$Worker.run(ThreadPoolExecutor.java:642)\n\tat java.base/java.lang.Thread.run(Thread.java:1570)\n"},"stage":"finished","steps":[],"attachments":[],"parameters":[{"name":"language","value":"SPANISH"}],"start":1720956752322,"stop":1720956782584}],"attachments":[],"parameters":[{"name":"arg1","value":"\"Search Language\""},{"name":"arg0","value":"\"I want to change the search language\""}],"start":1720956748968,"stop":1720956782687}