{"uuid":"9fad5975-1b4f-4b7b-b5fe-3b85ec7db71e","historyId":"7c8d2a3596cd15a5c9760a81aecb8605","fullName":"io.cucumber.testng.AbstractTestNGCucumberTests.runScenario","labels":[{"name":"package","value":"runners.TestRunner"},{"name":"testClass","value":"runners.TestRunner"},{"name":"testMethod","value":"runScenario"},{"name":"parentSuite","value":"Default Suite"},{"name":"suite","value":"java_unit_bdd"},{"name":"subSuite","value":"runners.TestRunner"},{"name":"host","value":"marufs-MacBook-Pro.local"},{"name":"thread","value":"4535@marufs-MacBook-Pro.local.TestNG-PoolService-0(29)"},{"name":"framework","value":"testng"},{"name":"language","value":"java"}],"links":[],"name":"Runs Cucumber Scenarios","status":"broken","statusDetails":{"known":false,"muted":false,"flaky":false,"message":"No elements with locator 'By.id: coll-download-as-rl' were found in DISPLAYED state: Expected condition failed:  (tried for 30 second(s) with 300 milliseconds interval)\nBuild info: version: '4.20.0', revision: '866c76ca80'\nSystem info: os.name: 'Mac OS X', os.arch: 'aarch64', os.version: '13.1', java.version: '22.0.1'\nDriver info: org.openqa.selenium.chrome.ChromeDriver\nCapabilities {acceptInsecureCerts: false, browserName: chrome, browserVersion: 126.0.6478.127, chrome: {chromedriverVersion: 126.0.6478.126 (d36ace6122e..., userDataDir: /var/folders/zm/56pnrb0x0c7...}, fedcm:accounts: true, goog:chromeOptions: {debuggerAddress: localhost:59706}, networkConnectionEnabled: false, pageLoadStrategy: normal, platformName: mac, proxy: Proxy(), se:cdp: ws://localhost:59706/devtoo..., se:cdpVersion: 126.0.6478.127, setWindowRect: true, strictFileInteractability: false, timeouts: {implicit: 0, pageLoad: 300000, script: 30000}, unhandledPromptBehavior: dismiss and notify, webauthn:extension:credBlob: true, webauthn:extension:largeBlob: true, webauthn:extension:minPinLength: true, webauthn:extension:prf: true, webauthn:virtualAuthenticators: true}\nSession ID: b4bbb1b66ba6fc383ae86bb316f0c964\nBuild info: version: '4.20.0', revision: '866c76ca80'\nSystem info: os.name: 'Mac OS X', os.arch: 'aarch64', os.version: '13.1', java.version: '22.0.1'\nDriver info: driver.version: unknown","trace":"org.openqa.selenium.TimeoutException: No elements with locator 'By.id: coll-download-as-rl' were found in DISPLAYED state: Expected condition failed:  (tried for 30 second(s) with 300 milliseconds interval)\nBuild info: version: '4.20.0', revision: '866c76ca80'\nSystem info: os.name: 'Mac OS X', os.arch: 'aarch64', os.version: '13.1', java.version: '22.0.1'\nDriver info: org.openqa.selenium.chrome.ChromeDriver\nCapabilities {acceptInsecureCerts: false, browserName: chrome, browserVersion: 126.0.6478.127, chrome: {chromedriverVersion: 126.0.6478.126 (d36ace6122e..., userDataDir: /var/folders/zm/56pnrb0x0c7...}, fedcm:accounts: true, goog:chromeOptions: {debuggerAddress: localhost:59706}, networkConnectionEnabled: false, pageLoadStrategy: normal, platformName: mac, proxy: Proxy(), se:cdp: ws://localhost:59706/devtoo..., se:cdpVersion: 126.0.6478.127, setWindowRect: true, strictFileInteractability: false, timeouts: {implicit: 0, pageLoad: 300000, script: 30000}, unhandledPromptBehavior: dismiss and notify, webauthn:extension:credBlob: true, webauthn:extension:largeBlob: true, webauthn:extension:minPinLength: true, webauthn:extension:prf: true, webauthn:virtualAuthenticators: true}\nSession ID: b4bbb1b66ba6fc383ae86bb316f0c964\nBuild info: version: '4.20.0', revision: '866c76ca80'\nSystem info: os.name: 'Mac OS X', os.arch: 'aarch64', os.version: '13.1', java.version: '22.0.1'\nDriver info: driver.version: unknown\n\tat aquality.selenium.core.elements.ElementFinder.handleTimeoutException(ElementFinder.java:77)\n\tat aquality.selenium.core.elements.ElementFinder.findElements(ElementFinder.java:36)\n\tat aquality.selenium.core.elements.interfaces.IElementFinder.findElement(IElementFinder.java:51)\n\tat aquality.selenium.core.elements.Element.getElement(Element.java:111)\n\tat aquality.selenium.elements.Element.getElement(Element.java:101)\n\tat aquality.selenium.core.elements.interfaces.IElement.getElement(IElement.java:45)\n\tat aquality.selenium.elements.actions.JsActions.lambda$executeScript$1(JsActions.java:202)\n\tat aquality.selenium.core.utilities.ActionRetrier.doWithRetry(ActionRetrier.java:33)\n\tat aquality.selenium.core.utilities.ElementActionRetrier.doWithRetry(ElementActionRetrier.java:22)\n\tat aquality.selenium.elements.actions.JsActions.executeScript(JsActions.java:202)\n\tat aquality.selenium.elements.actions.JsActions.highlightElement(JsActions.java:76)\n\tat aquality.selenium.elements.actions.JsActions.highlightElement(JsActions.java:67)\n\tat aquality.selenium.elements.Element.click(Element.java:116)\n\tat pages.SearchedPage.downloadAsPdf(SearchedPage.java:19)\n\tat stepdefinitions.DownloadPdfSteps.clickDownloadAsPdf(DownloadPdfSteps.java:38)\n\tat âœ½.Download as PDF button on the Article page(file:///Users/marufchowdhury/java_unit_bdd/src/test/java/features/downloadFile.feature:10)\n"},"stage":"finished","steps":[{"name":"Set up the browser","status":"passed","stage":"finished","steps":[],"attachments":[],"parameters":[],"start":1720680801461,"stop":1720680803715},{"name":"Set up the browser","status":"passed","stage":"finished","steps":[],"attachments":[],"parameters":[],"start":1720680803716,"stop":1720680803859},{"name":"Search Albert Einstein","status":"passed","stage":"finished","steps":[],"attachments":[],"parameters":[],"start":1720680803895,"stop":1720680804019},{"name":"Click submit button","status":"passed","stage":"finished","steps":[],"attachments":[],"parameters":[],"start":1720680804020,"stop":1720680806617},{"name":"Click download as pdf","status":"broken","statusDetails":{"known":false,"muted":false,"flaky":false,"message":"No elements with locator 'By.id: coll-download-as-rl' were found in DISPLAYED state: Expected condition failed:  (tried for 30 second(s) with 300 milliseconds interval)\nBuild info: version: '4.20.0', revision: '866c76ca80'\nSystem info: os.name: 'Mac OS X', os.arch: 'aarch64', os.version: '13.1', java.version: '22.0.1'\nDriver info: org.openqa.selenium.chrome.ChromeDriver\nCapabilities {acceptInsecureCerts: false, browserName: chrome, browserVersion: 126.0.6478.127, chrome: {chromedriverVersion: 126.0.6478.126 (d36ace6122e..., userDataDir: /var/folders/zm/56pnrb0x0c7...}, fedcm:accounts: true, goog:chromeOptions: {debuggerAddress: localhost:59706}, networkConnectionEnabled: false, pageLoadStrategy: normal, platformName: mac, proxy: Proxy(), se:cdp: ws://localhost:59706/devtoo..., se:cdpVersion: 126.0.6478.127, setWindowRect: true, strictFileInteractability: false, timeouts: {implicit: 0, pageLoad: 300000, script: 30000}, unhandledPromptBehavior: dismiss and notify, webauthn:extension:credBlob: true, webauthn:extension:largeBlob: true, webauthn:extension:minPinLength: true, webauthn:extension:prf: true, webauthn:virtualAuthenticators: true}\nSession ID: b4bbb1b66ba6fc383ae86bb316f0c964\nBuild info: version: '4.20.0', revision: '866c76ca80'\nSystem info: os.name: 'Mac OS X', os.arch: 'aarch64', os.version: '13.1', java.version: '22.0.1'\nDriver info: driver.version: unknown","trace":"org.openqa.selenium.TimeoutException: No elements with locator 'By.id: coll-download-as-rl' were found in DISPLAYED state: Expected condition failed:  (tried for 30 second(s) with 300 milliseconds interval)\nBuild info: version: '4.20.0', revision: '866c76ca80'\nSystem info: os.name: 'Mac OS X', os.arch: 'aarch64', os.version: '13.1', java.version: '22.0.1'\nDriver info: org.openqa.selenium.chrome.ChromeDriver\nCapabilities {acceptInsecureCerts: false, browserName: chrome, browserVersion: 126.0.6478.127, chrome: {chromedriverVersion: 126.0.6478.126 (d36ace6122e..., userDataDir: /var/folders/zm/56pnrb0x0c7...}, fedcm:accounts: true, goog:chromeOptions: {debuggerAddress: localhost:59706}, networkConnectionEnabled: false, pageLoadStrategy: normal, platformName: mac, proxy: Proxy(), se:cdp: ws://localhost:59706/devtoo..., se:cdpVersion: 126.0.6478.127, setWindowRect: true, strictFileInteractability: false, timeouts: {implicit: 0, pageLoad: 300000, script: 30000}, unhandledPromptBehavior: dismiss and notify, webauthn:extension:credBlob: true, webauthn:extension:largeBlob: true, webauthn:extension:minPinLength: true, webauthn:extension:prf: true, webauthn:virtualAuthenticators: true}\nSession ID: b4bbb1b66ba6fc383ae86bb316f0c964\nBuild info: version: '4.20.0', revision: '866c76ca80'\nSystem info: os.name: 'Mac OS X', os.arch: 'aarch64', os.version: '13.1', java.version: '22.0.1'\nDriver info: driver.version: unknown\n\tat aquality.selenium.core.elements.ElementFinder.handleTimeoutException(ElementFinder.java:77)\n\tat aquality.selenium.core.elements.ElementFinder.findElements(ElementFinder.java:36)\n\tat aquality.selenium.core.elements.interfaces.IElementFinder.findElement(IElementFinder.java:51)\n\tat aquality.selenium.core.elements.Element.getElement(Element.java:111)\n\tat aquality.selenium.elements.Element.getElement(Element.java:101)\n\tat aquality.selenium.core.elements.interfaces.IElement.getElement(IElement.java:45)\n\tat aquality.selenium.elements.actions.JsActions.lambda$executeScript$1(JsActions.java:202)\n\tat aquality.selenium.core.utilities.ActionRetrier.doWithRetry(ActionRetrier.java:33)\n\tat aquality.selenium.core.utilities.ElementActionRetrier.doWithRetry(ElementActionRetrier.java:22)\n\tat aquality.selenium.elements.actions.JsActions.executeScript(JsActions.java:202)\n\tat aquality.selenium.elements.actions.JsActions.highlightElement(JsActions.java:76)\n\tat aquality.selenium.elements.actions.JsActions.highlightElement(JsActions.java:67)\n\tat aquality.selenium.elements.Element.click(Element.java:116)\n\tat pages.SearchedPage.downloadAsPdf(SearchedPage.java:19)\n\tat stepdefinitions.DownloadPdfSteps.clickDownloadAsPdf(DownloadPdfSteps.java:38)\n\tat java.base/jdk.internal.reflect.DirectMethodHandleAccessor.invoke(DirectMethodHandleAccessor.java:103)\n\tat java.base/java.lang.reflect.Method.invoke(Method.java:580)\n\tat io.cucumber.java.Invoker.invoke(Invoker.java:27)\n\tat io.cucumber.java.JavaStepDefinition.execute(JavaStepDefinition.java:27)\n\tat io.cucumber.core.runner.PickleStepDefinitionMatch.runStep(PickleStepDefinitionMatch.java:63)\n\tat io.cucumber.core.runner.TestStep.executeStep(TestStep.java:64)\n\tat io.cucumber.core.runner.TestStep.run(TestStep.java:49)\n\tat io.cucumber.core.runner.PickleStepTestStep.run(PickleStepTestStep.java:46)\n\tat io.cucumber.core.runner.TestCase.run(TestCase.java:51)\n\tat io.cucumber.core.runner.Runner.runPickle(Runner.java:67)\n\tat io.cucumber.testng.TestNGCucumberRunner.runScenario(TestNGCucumberRunner.java:124)\n\tat io.cucumber.testng.AbstractTestNGCucumberTests.runScenario(AbstractTestNGCucumberTests.java:29)\n\tat java.base/jdk.internal.reflect.DirectMethodHandleAccessor.invoke(DirectMethodHandleAccessor.java:103)\n\tat java.base/java.lang.reflect.Method.invoke(Method.java:580)\n\tat org.testng.internal.invokers.MethodInvocationHelper.invokeMethod(MethodInvocationHelper.java:139)\n\tat org.testng.internal.invokers.TestInvoker.invokeMethod(TestInvoker.java:664)\n\tat org.testng.internal.invokers.TestInvoker.invokeTestMethod(TestInvoker.java:227)\n\tat org.testng.internal.invokers.TestMethodWithDataProviderMethodWorker.call(TestMethodWithDataProviderMethodWorker.java:80)\n\tat org.testng.internal.invokers.TestMethodWithDataProviderMethodWorker.call(TestMethodWithDataProviderMethodWorker.java:17)\n\tat java.base/java.util.concurrent.FutureTask.run(FutureTask.java:317)\n\tat java.base/java.util.concurrent.Executors$RunnableAdapter.call(Executors.java:572)\n\tat java.base/java.util.concurrent.FutureTask.run(FutureTask.java:317)\n\tat java.base/java.util.concurrent.ThreadPoolExecutor.runWorker(ThreadPoolExecutor.java:1144)\n\tat java.base/java.util.concurrent.ThreadPoolExecutor$Worker.run(ThreadPoolExecutor.java:642)\n\tat java.base/java.lang.Thread.run(Thread.java:1570)\n"},"stage":"finished","steps":[],"attachments":[],"parameters":[],"start":1720680806619,"stop":1720680836942}],"attachments":[],"parameters":[{"name":"arg1","value":"\"Download File\""},{"name":"arg0","value":"\"I want to search anything and download that as pdf\""}],"start":1720680801199,"stop":1720680837060}